<?xml version="1.0" encoding="UTF-8"?>
<testng-results ignored="0" total="1" passed="1" failed="0" skipped="0">
  <reporter-output>
  </reporter-output>
  <suite started-at="2026-08-01T07:49:45Z" name="Default suite" finished-at="2026-08-01T07:50:06Z" duration-ms="21466">
    <groups>
    </groups>
    <test started-at="2026-08-01T07:49:45Z" name="Default test" finished-at="2026-08-01T07:50:06Z" duration-ms="21466">
      <class name="testpackage.testingclass">
        <test-method signature="m()[pri:0, instance:testpackage.testingclass@95e33cc]" started-at="2026-08-01T07:49:45Z" name="m" finished-at="2026-08-01T07:50:06Z" duration-ms="21398" status="PASS">
          <reporter-output>
          </reporter-output>
        </test-method> <!-- m -->
      </class> <!-- testpackage.testingclass -->
    </test> <!-- Default test -->
  </suite> <!-- Default suite -->
</testng-results>
